app/build/intermediates/manifest_merge_blame_file/debug/manifest-merger-blame-debug-report.txt
1<?xml version="1.0" encoding="utf-8"?>
2<manifest xmlns:android="http://schemas.android.com/apk/res/android"
3    package="com.example.FoodRating"
4    android:versionCode="1"
5    android:versionName="1.0" >
6
7    <uses-sdk
8        android:minSdkVersion="29"
8-->src\main\AndroidManifest.xml
9        android:targetSdkVersion="33" />
9-->src\main\AndroidManifest.xml
10
11    <uses-feature
11-->src\main\AndroidManifest.xml:5:5-7:35
12        android:name="android.hardware.camera"
12-->src\main\AndroidManifest.xml:6:9-47
13        android:required="true" />
13-->src\main\AndroidManifest.xml:7:9-32
14
15    <uses-permission android:name="android.permission.INTERNET" />
15-->src\main\AndroidManifest.xml:9:5-67
15-->src\main\AndroidManifest.xml:9:22-64
16    <uses-permission android:name="android.permission.READ_MEDIA_VIDEO" />
16-->src\main\AndroidManifest.xml:10:5-75
16-->src\main\AndroidManifest.xml:10:22-72
17    <uses-permission android:name="android.permission.READ_MEDIA_AUDIO" />
17-->src\main\AndroidManifest.xml:11:5-75
17-->src\main\AndroidManifest.xml:11:22-72
18    <uses-permission android:name="android.permission.READ_MEDIA_IMAGES" />
18-->src\main\AndroidManifest.xml:12:5-76
18-->src\main\AndroidManifest.xml:12:22-73
19    <uses-permission android:name="android.permission.MANAGE_EXTERNAL_STORAGE" />
19-->src\main\AndroidManifest.xml:13:5-82
19-->src\main\AndroidManifest.xml:13:22-79
20    <uses-permission android:name="android.permission.CAMERA" />
20-->src\main\AndroidManifest.xml:14:5-65
20-->src\main\AndroidManifest.xml:14:22-62
21
22    <permission
22-->[androidx.core:core:1.9.0] AndroidManifest.xml:22:5-24:47
23        android:name="com.example.FoodRating.DYNAMIC_RECEIVER_NOT_EXPORTED_PERMISSION"
23-->[androidx.core:core:1.9.0] AndroidManifest.xml:23:9-81
24        android:protectionLevel="signature" />
24-->[androidx.core:core:1.9.0] AndroidManifest.xml:24:9-44
25
26    <uses-permission android:name="com.example.FoodRating.DYNAMIC_RECEIVER_NOT_EXPORTED_PERMISSION" /> <!-- Although the *SdkVersion is captured in gradle build files, this is required for non gradle builds -->
26-->[androidx.core:core:1.9.0] AndroidManifest.xml:26:5-97
26-->[androidx.core:core:1.9.0] AndroidManifest.xml:26:22-94
27    <!-- <uses-sdk android:minSdkVersion="14"/> -->
28    <uses-permission android:name="android.permission.ACCESS_NETWORK_STATE" />
28-->[com.google.android.datatransport:transport-backend-cct:2.3.3] AndroidManifest.xml:25:5-79
28-->[com.google.android.datatransport:transport-backend-cct:2.3.3] AndroidManifest.xml:25:22-76
29
30    <application
30-->src\main\AndroidManifest.xml:16:5-62:19
31        android:allowBackup="true"
31-->src\main\AndroidManifest.xml:17:9-35
32        android:appComponentFactory="androidx.core.app.CoreComponentFactory"
32-->[androidx.core:core:1.9.0] AndroidManifest.xml:28:18-86
33        android:dataExtractionRules="@xml/data_extraction_rules"
33-->src\main\AndroidManifest.xml:18:9-65
34        android:debuggable="true"
35        android:extractNativeLibs="false"
36        android:fullBackupContent="@xml/backup_rules"
36-->src\main\AndroidManifest.xml:19:9-54
37        android:icon="@drawable/food"
37-->src\main\AndroidManifest.xml:20:9-38
38        android:label="@string/app_name"
38-->src\main\AndroidManifest.xml:21:9-41
39        android:requestLegacyExternalStorage="true"
39-->src\main\AndroidManifest.xml:22:9-52
40        android:roundIcon="@drawable/food"
40-->src\main\AndroidManifest.xml:23:9-43
41        android:supportsRtl="true"
41-->src\main\AndroidManifest.xml:24:9-35
42        android:testOnly="true"
43        android:theme="@style/Base.Theme.Login" >
43-->src\main\AndroidManifest.xml:25:9-48
44        <activity
44-->src\main\AndroidManifest.xml:27:9-29:40
45            android:name="com.example.FoodRating.ShowActivity"
45-->src\main\AndroidManifest.xml:28:13-41
46            android:exported="false" />
46-->src\main\AndroidManifest.xml:29:13-37
47        <activity
47-->src\main\AndroidManifest.xml:30:9-32:40
48            android:name="com.example.FoodRating.MyDishActivity"
48-->src\main\AndroidManifest.xml:31:13-43
49            android:exported="false" />
49-->src\main\AndroidManifest.xml:32:13-37
50        <activity
50-->src\main\AndroidManifest.xml:33:9-35:40
51            android:name="com.example.FoodRating.MyCommentsActivity"
51-->src\main\AndroidManifest.xml:34:13-47
52            android:exported="false" />
52-->src\main\AndroidManifest.xml:35:13-37
53        <activity
53-->src\main\AndroidManifest.xml:36:9-38:40
54            android:name="com.example.FoodRating.PostDishActivity"
54-->src\main\AndroidManifest.xml:37:13-45
55            android:exported="false" />
55-->src\main\AndroidManifest.xml:38:13-37
56        <activity
56-->src\main\AndroidManifest.xml:39:9-43:50
57            android:name="com.example.FoodRating.DetailActivity"
57-->src\main\AndroidManifest.xml:40:13-43
58            android:exported="false"
58-->src\main\AndroidManifest.xml:41:13-37
59            android:label="@string/title_activity_main"
59-->src\main\AndroidManifest.xml:42:13-56
60            android:theme="@style/Theme.Login" />
60-->src\main\AndroidManifest.xml:43:13-47
61        <activity
61-->src\main\AndroidManifest.xml:44:9-46:40
62            android:name="com.example.FoodRating.ScrollActivity"
62-->src\main\AndroidManifest.xml:45:13-43
63            android:exported="false" />
63-->src\main\AndroidManifest.xml:46:13-37
64        <activity
64-->src\main\AndroidManifest.xml:47:9-49:40
65            android:name="com.example.FoodRating.DetailActivity2"
65-->src\main\AndroidManifest.xml:48:13-44
66            android:exported="false" />
66-->src\main\AndroidManifest.xml:49:13-37
67        <activity
67-->src\main\AndroidManifest.xml:50:9-52:40
68            android:name="com.example.FoodRating.RegisterActivity"
68-->src\main\AndroidManifest.xml:51:13-45
69            android:exported="false" />
69-->src\main\AndroidManifest.xml:52:13-37
70        <activity
70-->src\main\AndroidManifest.xml:53:9-61:20
71            android:name="com.example.FoodRating.LoginActivity"
71-->src\main\AndroidManifest.xml:54:13-42
72            android:exported="true" >
72-->src\main\AndroidManifest.xml:55:13-36
73            <intent-filter>
73-->src\main\AndroidManifest.xml:56:13-60:29
74                <action android:name="android.intent.action.MAIN" />
74-->src\main\AndroidManifest.xml:57:17-69
74-->src\main\AndroidManifest.xml:57:25-66
75
76                <category android:name="android.intent.category.LAUNCHER" />
76-->src\main\AndroidManifest.xml:59:17-77
76-->src\main\AndroidManifest.xml:59:27-74
77            </intent-filter>
78        </activity>
79
80        <provider
80-->[com.github.xuexiangjys:XUI:1.2.1] AndroidManifest.xml:10:9-14:43
81            android:name="com.xuexiang.xui.XUIInitProvider"
81-->[com.github.xuexiangjys:XUI:1.2.1] AndroidManifest.xml:11:13-60
82            android:authorities="com.example.FoodRating.xui-init-provider"
82-->[com.github.xuexiangjys:XUI:1.2.1] AndroidManifest.xml:12:13-69
83            android:exported="false"
83-->[com.github.xuexiangjys:XUI:1.2.1] AndroidManifest.xml:13:13-37
84            android:multiprocess="true" />
84-->[com.github.xuexiangjys:XUI:1.2.1] AndroidManifest.xml:14:13-40
85
86        <activity
86-->[com.github.xuexiangjys:XUI:1.2.1] AndroidManifest.xml:16:9-18:59
87            android:name="com.xuexiang.xui.widget.imageview.preview.ui.PreviewActivity"
87-->[com.github.xuexiangjys:XUI:1.2.1] AndroidManifest.xml:17:13-88
88            android:theme="@style/XUITheme.Translucent" />
88-->[com.github.xuexiangjys:XUI:1.2.1] AndroidManifest.xml:18:13-56
89        <activity
89-->[com.github.xuexiangjys:XUI:1.2.1] AndroidManifest.xml:19:9-21:59
90            android:name="com.xuexiang.xui.widget.imageview.preview.ui.VideoPlayerActivity"
90-->[com.github.xuexiangjys:XUI:1.2.1] AndroidManifest.xml:20:13-92
91            android:theme="@style/XUITheme.Translucent" />
91-->[com.github.xuexiangjys:XUI:1.2.1] AndroidManifest.xml:21:13-56
92        <activity
92-->[androidx.compose.ui:ui-test-manifest:1.4.0] AndroidManifest.xml:23:9-25:39
93            android:name="androidx.activity.ComponentActivity"
93-->[androidx.compose.ui:ui-test-manifest:1.4.0] AndroidManifest.xml:24:13-63
94            android:exported="true" />
94-->[androidx.compose.ui:ui-test-manifest:1.4.0] AndroidManifest.xml:25:13-36
95        <activity
95-->[androidx.compose.ui:ui-tooling:1.4.0] AndroidManifest.xml:23:9-25:39
96            android:name="androidx.compose.ui.tooling.PreviewActivity"
96-->[androidx.compose.ui:ui-tooling:1.4.0] AndroidManifest.xml:24:13-71
97            android:exported="true" />
97-->[androidx.compose.ui:ui-tooling:1.4.0] AndroidManifest.xml:25:13-36
98
99        <service
99-->[com.google.android.gms:play-services-mlkit-text-recognition-common:19.0.0] AndroidManifest.xml:9:9-15:19
100            android:name="com.google.mlkit.common.internal.MlKitComponentDiscoveryService"
100-->[com.google.android.gms:play-services-mlkit-text-recognition-common:19.0.0] AndroidManifest.xml:10:13-91
101            android:directBootAware="true"
101-->[com.google.mlkit:common:18.8.0] AndroidManifest.xml:17:13-43
102            android:exported="false" >
102-->[com.google.android.gms:play-services-mlkit-text-recognition-common:19.0.0] AndroidManifest.xml:11:13-37
103            <meta-data
103-->[com.google.android.gms:play-services-mlkit-text-recognition-common:19.0.0] AndroidManifest.xml:12:13-14:85
104                android:name="com.google.firebase.components:com.google.mlkit.vision.text.internal.TextRegistrar"
104-->[com.google.android.gms:play-services-mlkit-text-recognition-common:19.0.0] AndroidManifest.xml:13:17-114
105                android:value="com.google.firebase.components.ComponentRegistrar" />
105-->[com.google.android.gms:play-services-mlkit-text-recognition-common:19.0.0] AndroidManifest.xml:14:17-82
106            <meta-data
106-->[com.google.mlkit:vision-common:17.3.0] AndroidManifest.xml:12:13-14:85
107                android:name="com.google.firebase.components:com.google.mlkit.vision.common.internal.VisionCommonRegistrar"
107-->[com.google.mlkit:vision-common:17.3.0] AndroidManifest.xml:13:17-124
108                android:value="com.google.firebase.components.ComponentRegistrar" />
108-->[com.google.mlkit:vision-common:17.3.0] AndroidManifest.xml:14:17-82
109            <meta-data
109-->[com.google.mlkit:common:18.8.0] AndroidManifest.xml:20:13-22:85
110                android:name="com.google.firebase.components:com.google.mlkit.common.internal.CommonComponentRegistrar"
110-->[com.google.mlkit:common:18.8.0] AndroidManifest.xml:21:17-120
111                android:value="com.google.firebase.components.ComponentRegistrar" />
111-->[com.google.mlkit:common:18.8.0] AndroidManifest.xml:22:17-82
112        </service>
113
114        <provider
114-->[com.google.mlkit:common:18.8.0] AndroidManifest.xml:9:9-13:38
115            android:name="com.google.mlkit.common.internal.MlKitInitProvider"
115-->[com.google.mlkit:common:18.8.0] AndroidManifest.xml:10:13-78
116            android:authorities="com.example.FoodRating.mlkitinitprovider"
116-->[com.google.mlkit:common:18.8.0] AndroidManifest.xml:11:13-69
117            android:exported="false"
117-->[com.google.mlkit:common:18.8.0] AndroidManifest.xml:12:13-37
118            android:initOrder="99" />
118-->[com.google.mlkit:common:18.8.0] AndroidManifest.xml:13:13-35
119
120        <activity
120-->[com.google.android.gms:play-services-base:18.1.0] AndroidManifest.xml:20:9-22:45
121            android:name="com.google.android.gms.common.api.GoogleApiActivity"
121-->[com.google.android.gms:play-services-base:18.1.0] AndroidManifest.xml:20:19-85
122            android:exported="false"
122-->[com.google.android.gms:play-services-base:18.1.0] AndroidManifest.xml:22:19-43
123            android:theme="@android:style/Theme.Translucent.NoTitleBar" />
123-->[com.google.android.gms:play-services-base:18.1.0] AndroidManifest.xml:21:19-78
124
125        <meta-data
125-->[com.google.android.gms:play-services-basement:18.1.0] AndroidManifest.xml:21:9-23:69
126            android:name="com.google.android.gms.version"
126-->[com.google.android.gms:play-services-basement:18.1.0] AndroidManifest.xml:22:13-58
127            android:value="@integer/google_play_services_version" />
127-->[com.google.android.gms:play-services-basement:18.1.0] AndroidManifest.xml:23:13-66
128
129        <provider
129-->[androidx.emoji2:emoji2:1.3.0] AndroidManifest.xml:24:9-32:20
130            android:name="androidx.startup.InitializationProvider"
130-->[androidx.emoji2:emoji2:1.3.0] AndroidManifest.xml:25:13-67
131            android:authorities="com.example.FoodRating.androidx-startup"
131-->[androidx.emoji2:emoji2:1.3.0] AndroidManifest.xml:26:13-68
132            android:exported="false" >
132-->[androidx.emoji2:emoji2:1.3.0] AndroidManifest.xml:27:13-37
133            <meta-data
133-->[androidx.emoji2:emoji2:1.3.0] AndroidManifest.xml:29:13-31:52
134                android:name="androidx.emoji2.text.EmojiCompatInitializer"
134-->[androidx.emoji2:emoji2:1.3.0] AndroidManifest.xml:30:17-75
135                android:value="androidx.startup" />
135-->[androidx.emoji2:emoji2:1.3.0] AndroidManifest.xml:31:17-49
136            <meta-data
136-->[androidx.lifecycle:lifecycle-process:2.6.1] AndroidManifest.xml:29:13-31:52
137                android:name="androidx.lifecycle.ProcessLifecycleInitializer"
137-->[androidx.lifecycle:lifecycle-process:2.6.1] AndroidManifest.xml:30:17-78
138                android:value="androidx.startup" />
138-->[androidx.lifecycle:lifecycle-process:2.6.1] AndroidManifest.xml:31:17-49
139            <meta-data
139-->[androidx.profileinstaller:profileinstaller:1.3.0] AndroidManifest.xml:29:13-31:52
140                android:name="androidx.profileinstaller.ProfileInstallerInitializer"
140-->[androidx.profileinstaller:profileinstaller:1.3.0] AndroidManifest.xml:30:17-85
141                android:value="androidx.startup" />
141-->[androidx.profileinstaller:profileinstaller:1.3.0] AndroidManifest.xml:31:17-49
142        </provider>
143
144        <receiver
144-->[androidx.profileinstaller:profileinstaller:1.3.0] AndroidManifest.xml:34:9-52:20
145            android:name="androidx.profileinstaller.ProfileInstallReceiver"
145-->[androidx.profileinstaller:profileinstaller:1.3.0] AndroidManifest.xml:35:13-76
146            android:directBootAware="false"
146-->[androidx.profileinstaller:profileinstaller:1.3.0] AndroidManifest.xml:36:13-44
147            android:enabled="true"
147-->[androidx.profileinstaller:profileinstaller:1.3.0] AndroidManifest.xml:37:13-35
148            android:exported="true"
148-->[androidx.profileinstaller:profileinstaller:1.3.0] AndroidManifest.xml:38:13-36
149            android:permission="android.permission.DUMP" >
149-->[androidx.profileinstaller:profileinstaller:1.3.0] AndroidManifest.xml:39:13-57
150            <intent-filter>
150-->[androidx.profileinstaller:profileinstaller:1.3.0] AndroidManifest.xml:40:13-42:29
151                <action android:name="androidx.profileinstaller.action.INSTALL_PROFILE" />
151-->[androidx.profileinstaller:profileinstaller:1.3.0] AndroidManifest.xml:41:17-91
151-->[androidx.profileinstaller:profileinstaller:1.3.0] AndroidManifest.xml:41:25-88
152            </intent-filter>
153            <intent-filter>
153-->[androidx.profileinstaller:profileinstaller:1.3.0] AndroidManifest.xml:43:13-45:29
154                <action android:name="androidx.profileinstaller.action.SKIP_FILE" />
154-->[androidx.profileinstaller:profileinstaller:1.3.0] AndroidManifest.xml:44:17-85
154-->[androidx.profileinstaller:profileinstaller:1.3.0] AndroidManifest.xml:44:25-82
155            </intent-filter>
156            <intent-filter>
156-->[androidx.profileinstaller:profileinstaller:1.3.0] AndroidManifest.xml:46:13-48:29
157                <action android:name="androidx.profileinstaller.action.SAVE_PROFILE" />
157-->[androidx.profileinstaller:profileinstaller:1.3.0] AndroidManifest.xml:47:17-88
157-->[androidx.profileinstaller:profileinstaller:1.3.0] AndroidManifest.xml:47:25-85
158            </intent-filter>
159            <intent-filter>
159-->[androidx.profileinstaller:profileinstaller:1.3.0] AndroidManifest.xml:49:13-51:29
160                <action android:name="androidx.profileinstaller.action.BENCHMARK_OPERATION" />
160-->[androidx.profileinstaller:profileinstaller:1.3.0] AndroidManifest.xml:50:17-95
160-->[androidx.profileinstaller:profileinstaller:1.3.0] AndroidManifest.xml:50:25-92
161            </intent-filter>
162        </receiver>
163
164        <service
164-->[com.google.android.datatransport:transport-backend-cct:2.3.3] AndroidManifest.xml:29:9-35:19
165            android:name="com.google.android.datatransport.runtime.backends.TransportBackendDiscovery"
165-->[com.google.android.datatransport:transport-backend-cct:2.3.3] AndroidManifest.xml:30:13-103
166            android:exported="false" >
166-->[com.google.android.datatransport:transport-backend-cct:2.3.3] AndroidManifest.xml:31:13-37
167            <meta-data
167-->[com.google.android.datatransport:transport-backend-cct:2.3.3] AndroidManifest.xml:32:13-34:39
168                android:name="backend:com.google.android.datatransport.cct.CctBackendFactory"
168-->[com.google.android.datatransport:transport-backend-cct:2.3.3] AndroidManifest.xml:33:17-94
169                android:value="cct" />
169-->[com.google.android.datatransport:transport-backend-cct:2.3.3] AndroidManifest.xml:34:17-36
170        </service>
171        <service
171-->[com.google.android.datatransport:transport-runtime:2.2.6] AndroidManifest.xml:26:9-30:19
172            android:name="com.google.android.datatransport.runtime.scheduling.jobscheduling.JobInfoSchedulerService"
172-->[com.google.android.datatransport:transport-runtime:2.2.6] AndroidManifest.xml:27:13-117
173            android:exported="false"
173-->[com.google.android.datatransport:transport-runtime:2.2.6] AndroidManifest.xml:28:13-37
174            android:permission="android.permission.BIND_JOB_SERVICE" >
174-->[com.google.android.datatransport:transport-runtime:2.2.6] AndroidManifest.xml:29:13-69
175        </service>
176
177        <receiver
177-->[com.google.android.datatransport:transport-runtime:2.2.6] AndroidManifest.xml:32:9-34:40
178            android:name="com.google.android.datatransport.runtime.scheduling.jobscheduling.AlarmManagerSchedulerBroadcastReceiver"
178-->[com.google.android.datatransport:transport-runtime:2.2.6] AndroidManifest.xml:33:13-132
179            android:exported="false" />
179-->[com.google.android.datatransport:transport-runtime:2.2.6] AndroidManifest.xml:34:13-37
180    </application>
181
182</manifest>